TN:
SF:src/app.ts
FN:69,(anonymous_1)
FNF:1
FNH:0
FNDA:0,(anonymous_1)
DA:1,0
DA:2,0
DA:3,0
DA:4,0
DA:5,0
DA:6,0
DA:7,0
DA:8,0
DA:9,0
DA:30,0
DA:33,0
DA:41,0
DA:45,0
DA:49,0
DA:52,0
DA:55,0
DA:61,0
DA:69,0
DA:70,0
DA:75,0
DA:79,0
DA:81,0
DA:88,0
DA:91,0
DA:94,0
LF:25
LH:0
BRF:0
BRH:0
end_of_record
TN:
SF:src/config/prisma.ts
FNF:0
FNH:0
DA:1,0
DA:2,0
DA:4,0
DA:5,0
DA:6,0
DA:8,0
DA:11,0
DA:12,0
DA:15,0
LF:9
LH:0
BRDA:11,0,0,0
BRDA:11,0,1,0
BRF:2
BRH:0
end_of_record
TN:
SF:src/config/redis.ts
FN:6,(anonymous_0)
FN:7,(anonymous_1)
FNF:2
FNH:0
FNDA:0,(anonymous_0)
FNDA:0,(anonymous_1)
DA:1,0
DA:2,0
DA:4,0
DA:6,0
DA:7,0
LF:5
LH:0
BRF:0
BRH:0
end_of_record
TN:
SF:src/config/supabase.ts
FNF:0
FNH:0
DA:1,0
DA:2,0
DA:5,0
DA:8,0
DA:19,0
DA:20,0
LF:6
LH:0
BRF:0
BRH:0
end_of_record
TN:
SF:src/controllers/auth.controller.ts
FN:38,(anonymous_0)
FN:66,(anonymous_1)
FN:94,(anonymous_2)
FNF:3
FNH:0
FNDA:0,(anonymous_0)
FNDA:0,(anonymous_1)
FNDA:0,(anonymous_2)
DA:2,0
DA:3,0
DA:38,0
DA:39,0
DA:40,0
DA:42,0
DA:66,0
DA:67,0
DA:68,0
DA:70,0
DA:94,0
DA:95,0
DA:96,0
DA:98,0
LF:14
LH:0
BRF:0
BRH:0
end_of_record
TN:
SF:src/controllers/leaderBoard.controller.ts
FN:37,(anonymous_0)
FN:64,(anonymous_1)
FN:91,(anonymous_2)
FN:115,(anonymous_3)
FN:145,(anonymous_4)
FNF:5
FNH:0
FNDA:0,(anonymous_0)
FNDA:0,(anonymous_1)
FNDA:0,(anonymous_2)
FNDA:0,(anonymous_3)
FNDA:0,(anonymous_4)
DA:3,0
DA:10,0
DA:37,0
DA:41,0
DA:42,0
DA:44,0
DA:64,0
DA:68,0
DA:69,0
DA:71,0
DA:91,0
DA:92,0
DA:93,0
DA:95,0
DA:115,0
DA:119,0
DA:120,0
DA:122,0
DA:123,0
DA:125,0
DA:145,0
DA:149,0
DA:151,0
DA:152,0
DA:154,0
LF:25
LH:0
BRF:0
BRH:0
end_of_record
TN:
SF:src/controllers/user.controller.ts
FN:43,(anonymous_0)
FN:72,(anonymous_1)
FN:115,(anonymous_2)
FN:143,(anonymous_3)
FN:177,(anonymous_4)
FNF:5
FNH:0
FNDA:0,(anonymous_0)
FNDA:0,(anonymous_1)
FNDA:0,(anonymous_2)
FNDA:0,(anonymous_3)
FNDA:0,(anonymous_4)
DA:3,0
DA:10,0
DA:11,0
DA:43,0
DA:45,0
DA:48,0
DA:51,0
DA:72,0
DA:76,0
DA:77,0
DA:80,0
DA:81,0
DA:82,0
DA:83,0
DA:86,0
DA:87,0
DA:94,0
DA:96,0
DA:115,0
DA:119,0
DA:121,0
DA:123,0
DA:143,0
DA:144,0
DA:145,0
DA:147,0
DA:148,0
DA:152,0
DA:154,0
DA:155,0
DA:157,0
DA:177,0
DA:178,0
DA:180,0
DA:181,0
DA:183,0
LF:36
LH:0
BRDA:81,0,0,0
BRDA:81,0,1,0
BRDA:82,1,0,0
BRDA:82,1,1,0
BRDA:83,2,0,0
BRDA:83,2,1,0
BRDA:86,3,0,0
BRDA:86,3,1,0
BRDA:147,4,0,0
BRDA:147,4,1,0
BRF:10
BRH:0
end_of_record
TN:
SF:src/middlewares/auth.middleware.ts
FN:51,(anonymous_1)
FN:208,(anonymous_2)
FN:287,(anonymous_3)
FN:288,(anonymous_4)
FNF:4
FNH:0
FNDA:0,(anonymous_1)
FNDA:0,(anonymous_2)
FNDA:0,(anonymous_3)
FNDA:0,(anonymous_4)
DA:2,0
DA:51,0
DA:56,0
DA:57,0
DA:64,0
DA:66,0
DA:67,0
DA:68,0
DA:69,0
DA:75,0
DA:76,0
DA:82,0
DA:90,0
DA:91,0
DA:92,0
DA:99,0
DA:103,0
DA:105,0
DA:120,0
DA:121,0
DA:128,0
DA:136,0
DA:137,0
DA:143,0
DA:150,0
DA:151,0
DA:159,0
DA:167,0
DA:168,0
DA:169,0
DA:172,0
DA:173,0
DA:185,0
DA:208,0
DA:213,0
DA:214,0
DA:220,0
DA:222,0
DA:224,0
DA:225,0
DA:226,0
DA:227,0
DA:231,0
DA:232,0
DA:237,0
DA:239,0
DA:241,0
DA:249,0
DA:255,0
DA:261,0
DA:262,0
DA:265,0
DA:271,0
DA:272,0
DA:287,0
DA:288,0
DA:289,0
DA:290,0
DA:293,0
DA:294,0
DA:295,0
DA:302,0
DA:303,0
DA:305,0
DA:312,0
DA:313,0
DA:319,0
DA:327,0
DA:328,0
DA:329,0
LF:70
LH:0
BRDA:71,0,0,0
BRDA:71,0,1,0
BRDA:75,1,0,0
BRDA:75,1,1,0
BRDA:75,2,0,0
BRDA:75,2,1,0
BRDA:78,3,0,0
BRDA:78,3,1,0
BRDA:79,4,0,0
BRDA:79,4,1,0
BRDA:106,5,0,0
BRDA:106,5,1,0
BRDA:110,6,0,0
BRDA:110,6,1,0
BRDA:114,7,0,0
BRDA:114,7,1,0
BRDA:115,8,0,0
BRDA:115,8,1,0
BRDA:116,9,0,0
BRDA:116,9,1,0
BRDA:120,10,0,0
BRDA:120,10,1,0
BRDA:124,11,0,0
BRDA:124,11,1,0
BRDA:136,12,0,0
BRDA:136,12,1,0
BRDA:153,13,0,0
BRDA:153,13,1,0
BRDA:154,14,0,0
BRDA:154,14,1,0
BRDA:155,15,0,0
BRDA:155,15,1,0
BRDA:156,16,0,0
BRDA:156,16,1,0
BRDA:176,17,0,0
BRDA:176,17,1,0
BRDA:180,18,0,0
BRDA:180,18,1,0
BRDA:224,19,0,0
BRDA:224,19,1,0
BRDA:224,20,0,0
BRDA:224,20,1,0
BRDA:239,21,0,0
BRDA:239,21,1,0
BRDA:239,22,0,0
BRDA:239,22,1,0
BRDA:243,23,0,0
BRDA:243,23,1,0
BRDA:244,24,0,0
BRDA:244,24,1,0
BRDA:245,25,0,0
BRDA:245,25,1,0
BRDA:246,26,0,0
BRDA:246,26,1,0
BRDA:256,27,0,0
BRDA:256,27,1,0
BRDA:268,28,0,0
BRDA:268,28,1,0
BRDA:293,29,0,0
BRDA:293,29,1,0
BRDA:312,30,0,0
BRDA:312,30,1,0
BRF:62
BRH:0
end_of_record
TN:
SF:src/middlewares/error.middleware.ts
FN:283,(anonymous_0)
FN:284,(anonymous_1)
FN:285,(anonymous_2)
FN:286,(anonymous_3)
FN:287,(anonymous_4)
FN:288,(anonymous_5)
FN:289,(anonymous_6)
FN:290,(anonymous_7)
FN:291,(anonymous_8)
FN:61,generateRequestId
FN:66,sanitizeErrorDetails
FN:86,logError
FN:125,(anonymous_12)
FN:163,(anonymous_13)
FN:229,(anonymous_14)
FN:242,(anonymous_15)
FN:270,(anonymous_16)
FN:271,(anonymous_17)
FNF:18
FNH:0
FNDA:0,(anonymous_0)
FNDA:0,(anonymous_1)
FNDA:0,(anonymous_2)
FNDA:0,(anonymous_3)
FNDA:0,(anonymous_4)
FNDA:0,(anonymous_5)
FNDA:0,(anonymous_6)
FNDA:0,(anonymous_7)
FNDA:0,(anonymous_8)
FNDA:0,generateRequestId
FNDA:0,sanitizeErrorDetails
FNDA:0,logError
FNDA:0,(anonymous_12)
FNDA:0,(anonymous_13)
FNDA:0,(anonymous_14)
FNDA:0,(anonymous_15)
FNDA:0,(anonymous_16)
FNDA:0,(anonymous_17)
DA:2,0
DA:3,0
DA:32,0
DA:33,0
DA:62,0
DA:67,0
DA:69,0
DA:70,0
DA:72,0
DA:73,0
DA:74,0
DA:75,0
DA:76,0
DA:77,0
DA:78,0
DA:80,0
DA:82,0
DA:87,0
DA:106,0
DA:107,0
DA:109,0
DA:125,0
DA:132,0
DA:135,0
DA:136,0
DA:140,0
DA:143,0
DA:144,0
DA:145,0
DA:146,0
DA:148,0
DA:150,0
DA:151,0
DA:152,0
DA:153,0
DA:154,0
DA:156,0
DA:157,0
DA:158,0
DA:160,0
DA:161,0
DA:163,0
DA:171,0
DA:173,0
DA:174,0
DA:175,0
DA:178,0
DA:179,0
DA:180,0
DA:181,0
DA:182,0
DA:183,0
DA:184,0
DA:185,0
DA:186,0
DA:188,0
DA:190,0
DA:191,0
DA:192,0
DA:193,0
DA:195,0
DA:196,0
DA:197,0
DA:198,0
DA:200,0
DA:201,0
DA:202,0
DA:206,0
DA:220,0
DA:229,0
DA:230,0
DA:231,0
DA:232,0
DA:233,0
DA:242,0
DA:243,0
DA:260,0
DA:270,0
DA:271,0
DA:272,0
DA:283,0
DA:284,0
DA:285,0
DA:286,0
DA:287,0
DA:288,0
DA:289,0
DA:290,0
DA:291,0
LF:89
LH:0
BRDA:67,0,0,0
BRDA:67,0,1,0
BRDA:69,1,0,0
BRDA:69,1,1,0
BRDA:69,2,0,0
BRDA:69,2,1,0
BRDA:106,3,0,0
BRDA:106,3,1,0
BRDA:132,4,0,0
BRDA:132,4,1,0
BRDA:135,5,0,0
BRDA:135,5,1,0
BRDA:135,6,0,0
BRDA:135,6,1,0
BRDA:148,7,0,0
BRDA:148,7,1,0
BRDA:154,8,0,0
BRDA:154,8,1,0
BRDA:154,9,0,0
BRDA:154,9,1,0
BRDA:160,10,0,0
BRDA:160,10,1,0
BRDA:161,11,0,0
BRDA:161,11,1,0
BRDA:171,12,0,0
BRDA:171,12,1,0
BRDA:179,13,0,0
BRDA:179,13,1,0
BRDA:183,14,0,0
BRDA:183,14,1,0
BRDA:188,15,0,0
BRDA:188,15,1,0
BRDA:193,16,0,0
BRDA:193,16,1,0
BRDA:198,17,0,0
BRDA:198,17,1,0
BRDA:198,18,0,0
BRDA:198,18,1,0
BRDA:214,19,0,0
BRDA:214,19,1,0
BRDA:215,20,0,0
BRDA:215,20,1,0
BRDA:215,20,2,0
BRF:43
BRH:0
end_of_record
TN:
SF:src/middlewares/upload.middleware.ts
FN:26,(anonymous_1)
FN:65,(anonymous_2)
FNF:2
FNH:0
FNDA:0,(anonymous_1)
FNDA:0,(anonymous_2)
DA:1,0
DA:3,0
DA:23,0
DA:26,0
DA:27,0
DA:28,0
DA:35,0
DA:36,0
DA:37,0
DA:39,0
DA:40,0
DA:45,0
DA:60,0
DA:65,0
DA:66,0
DA:67,0
DA:69,0
DA:70,0
DA:71,0
DA:76,0
DA:77,0
DA:82,0
DA:83,0
DA:90,0
DA:91,0
DA:98,0
LF:26
LH:0
BRDA:35,0,0,0
BRDA:35,0,1,0
BRDA:69,1,0,0
BRDA:69,1,1,0
BRDA:70,2,0,0
BRDA:70,2,1,0
BRDA:76,3,0,0
BRDA:76,3,1,0
BRDA:82,4,0,0
BRDA:82,4,1,0
BRDA:90,5,0,0
BRDA:90,5,1,0
BRDA:90,6,0,0
BRDA:90,6,1,0
BRF:14
BRH:0
end_of_record
TN:
SF:src/redis/index.ts
FN:18,(anonymous_0)
FN:19,(anonymous_1)
FN:20,(anonymous_2)
FN:21,(anonymous_3)
FN:22,(anonymous_4)
FN:23,(anonymous_5)
FN:24,(anonymous_6)
FN:25,(anonymous_7)
FN:26,(anonymous_8)
FN:27,(anonymous_9)
FN:28,(anonymous_10)
FN:29,(anonymous_11)
FN:37,(anonymous_12)
FN:38,(anonymous_13)
FN:39,(anonymous_14)
FN:40,(anonymous_15)
FN:41,(anonymous_16)
FN:49,(anonymous_17)
FN:50,(anonymous_18)
FN:51,(anonymous_19)
FN:52,(anonymous_20)
FN:53,(anonymous_21)
FN:54,(anonymous_22)
FN:55,(anonymous_23)
FN:63,(anonymous_24)
FN:64,(anonymous_25)
FN:67,(anonymous_26)
FN:68,(anonymous_27)
FN:69,(anonymous_28)
FN:70,(anonymous_29)
FN:71,(anonymous_30)
FN:79,(anonymous_31)
FN:80,(anonymous_32)
FN:81,(anonymous_33)
FN:82,(anonymous_34)
FN:83,(anonymous_35)
FN:84,(anonymous_36)
FN:85,(anonymous_37)
FN:121,(anonymous_38)
FN:142,(anonymous_39)
FNF:40
FNH:0
FNDA:0,(anonymous_0)
FNDA:0,(anonymous_1)
FNDA:0,(anonymous_2)
FNDA:0,(anonymous_3)
FNDA:0,(anonymous_4)
FNDA:0,(anonymous_5)
FNDA:0,(anonymous_6)
FNDA:0,(anonymous_7)
FNDA:0,(anonymous_8)
FNDA:0,(anonymous_9)
FNDA:0,(anonymous_10)
FNDA:0,(anonymous_11)
FNDA:0,(anonymous_12)
FNDA:0,(anonymous_13)
FNDA:0,(anonymous_14)
FNDA:0,(anonymous_15)
FNDA:0,(anonymous_16)
FNDA:0,(anonymous_17)
FNDA:0,(anonymous_18)
FNDA:0,(anonymous_19)
FNDA:0,(anonymous_20)
FNDA:0,(anonymous_21)
FNDA:0,(anonymous_22)
FNDA:0,(anonymous_23)
FNDA:0,(anonymous_24)
FNDA:0,(anonymous_25)
FNDA:0,(anonymous_26)
FNDA:0,(anonymous_27)
FNDA:0,(anonymous_28)
FNDA:0,(anonymous_29)
FNDA:0,(anonymous_30)
FNDA:0,(anonymous_31)
FNDA:0,(anonymous_32)
FNDA:0,(anonymous_33)
FNDA:0,(anonymous_34)
FNDA:0,(anonymous_35)
FNDA:0,(anonymous_36)
FNDA:0,(anonymous_37)
FNDA:0,(anonymous_38)
FNDA:0,(anonymous_39)
DA:17,0
DA:18,0
DA:19,0
DA:20,0
DA:21,0
DA:22,0
DA:23,0
DA:24,0
DA:25,0
DA:26,0
DA:27,0
DA:28,0
DA:29,0
DA:36,0
DA:37,0
DA:38,0
DA:39,0
DA:40,0
DA:41,0
DA:48,0
DA:49,0
DA:50,0
DA:51,0
DA:52,0
DA:53,0
DA:54,0
DA:55,0
DA:62,0
DA:63,0
DA:64,0
DA:67,0
DA:68,0
DA:69,0
DA:70,0
DA:71,0
DA:78,0
DA:79,0
DA:80,0
DA:81,0
DA:82,0
DA:83,0
DA:84,0
DA:85,0
DA:96,0
DA:103,0
DA:104,0
DA:105,0
DA:107,0
DA:111,0
DA:121,0
DA:122,0
DA:123,0
DA:126,0
DA:127,0
DA:128,0
DA:132,0
DA:134,0
DA:135,0
DA:142,0
DA:143,0
DA:144,0
DA:147,0
DA:148,0
DA:150,0
DA:154,0
DA:156,0
DA:158,0
DA:159,0
LF:68
LH:0
BRDA:109,0,0,0
BRDA:109,0,1,0
BRDA:127,1,0,0
BRDA:127,1,1,0
BRDA:147,2,0,0
BRDA:147,2,1,0
BRDA:147,3,0,0
BRDA:147,3,1,0
BRF:8
BRH:0
end_of_record
TN:
SF:src/redis/config/redis.production.config.ts
FN:42,(anonymous_9)
FN:71,(anonymous_10)
FN:87,(anonymous_11)
FN:104,(anonymous_12)
FN:174,(anonymous_13)
FN:180,(anonymous_14)
FN:191,(anonymous_15)
FN:206,(anonymous_16)
FN:209,(anonymous_17)
FN:224,(anonymous_18)
FN:227,(anonymous_19)
FN:243,(anonymous_20)
FN:257,(anonymous_21)
FN:259,(anonymous_22)
FN:260,(anonymous_23)
FN:264,(anonymous_24)
FN:266,(anonymous_25)
FN:267,(anonymous_26)
FN:274,(anonymous_27)
FN:276,(anonymous_28)
FN:277,(anonymous_29)
FN:281,(anonymous_30)
FN:283,(anonymous_31)
FN:284,(anonymous_32)
FN:295,(anonymous_33)
FN:302,(anonymous_34)
FN:309,(anonymous_35)
FN:315,(anonymous_36)
FN:325,(anonymous_37)
FN:326,(anonymous_38)
FN:331,(anonymous_39)
FN:336,(anonymous_40)
FN:341,(anonymous_41)
FN:346,(anonymous_42)
FN:351,(anonymous_43)
FN:352,(anonymous_44)
FN:357,(anonymous_45)
FN:362,(anonymous_46)
FN:367,(anonymous_47)
FN:372,(anonymous_48)
FN:376,(anonymous_49)
FN:380,(anonymous_50)
FN:390,(anonymous_51)
FN:396,(anonymous_52)
FN:406,(anonymous_53)
FN:417,(anonymous_54)
FN:460,(anonymous_55)
FN:463,(anonymous_56)
FN:493,(anonymous_57)
FN:515,(anonymous_58)
FN:523,(anonymous_59)
FN:538,(anonymous_60)
FN:540,(anonymous_61)
FN:553,(anonymous_62)
FN:560,(anonymous_63)
FN:564,(anonymous_64)
FN:566,(anonymous_65)
FN:576,(anonymous_66)
FN:581,(anonymous_67)
FN:592,(anonymous_68)
FN:596,(anonymous_69)
FN:600,(anonymous_70)
FN:605,(anonymous_71)
FN:629,(anonymous_72)
FN:640,(anonymous_73)
FN:673,(anonymous_74)
FN:674,(anonymous_75)
FN:675,(anonymous_76)
FN:676,(anonymous_77)
FN:677,(anonymous_78)
FNF:70
FNH:0
FNDA:0,(anonymous_9)
FNDA:0,(anonymous_10)
FNDA:0,(anonymous_11)
FNDA:0,(anonymous_12)
FNDA:0,(anonymous_13)
FNDA:0,(anonymous_14)
FNDA:0,(anonymous_15)
FNDA:0,(anonymous_16)
FNDA:0,(anonymous_17)
FNDA:0,(anonymous_18)
FNDA:0,(anonymous_19)
FNDA:0,(anonymous_20)
FNDA:0,(anonymous_21)
FNDA:0,(anonymous_22)
FNDA:0,(anonymous_23)
FNDA:0,(anonymous_24)
FNDA:0,(anonymous_25)
FNDA:0,(anonymous_26)
FNDA:0,(anonymous_27)
FNDA:0,(anonymous_28)
FNDA:0,(anonymous_29)
FNDA:0,(anonymous_30)
FNDA:0,(anonymous_31)
FNDA:0,(anonymous_32)
FNDA:0,(anonymous_33)
FNDA:0,(anonymous_34)
FNDA:0,(anonymous_35)
FNDA:0,(anonymous_36)
FNDA:0,(anonymous_37)
FNDA:0,(anonymous_38)
FNDA:0,(anonymous_39)
FNDA:0,(anonymous_40)
FNDA:0,(anonymous_41)
FNDA:0,(anonymous_42)
FNDA:0,(anonymous_43)
FNDA:0,(anonymous_44)
FNDA:0,(anonymous_45)
FNDA:0,(anonymous_46)
FNDA:0,(anonymous_47)
FNDA:0,(anonymous_48)
FNDA:0,(anonymous_49)
FNDA:0,(anonymous_50)
FNDA:0,(anonymous_51)
FNDA:0,(anonymous_52)
FNDA:0,(anonymous_53)
FNDA:0,(anonymous_54)
FNDA:0,(anonymous_55)
FNDA:0,(anonymous_56)
FNDA:0,(anonymous_57)
FNDA:0,(anonymous_58)
FNDA:0,(anonymous_59)
FNDA:0,(anonymous_60)
FNDA:0,(anonymous_61)
FNDA:0,(anonymous_62)
FNDA:0,(anonymous_63)
FNDA:0,(anonymous_64)
FNDA:0,(anonymous_65)
FNDA:0,(anonymous_66)
FNDA:0,(anonymous_67)
FNDA:0,(anonymous_68)
FNDA:0,(anonymous_69)
FNDA:0,(anonymous_70)
FNDA:0,(anonymous_71)
FNDA:0,(anonymous_72)
FNDA:0,(anonymous_73)
FNDA:0,(anonymous_74)
FNDA:0,(anonymous_75)
FNDA:0,(anonymous_76)
FNDA:0,(anonymous_77)
FNDA:0,(anonymous_78)
DA:23,0
DA:24,0
DA:25,0
DA:42,0
DA:43,0
DA:46,0
DA:47,0
DA:50,0
DA:51,0
DA:55,0
DA:56,0
DA:64,0
DA:71,0
DA:88,0
DA:89,0
DA:90,0
DA:104,0
DA:105,0
DA:107,0
DA:130,0
DA:166,0
DA:169,0
DA:170,0
DA:171,0
DA:172,0
DA:175,0
DA:176,0
DA:177,0
DA:181,0
DA:182,0
DA:184,0
DA:192,0
DA:193,0
DA:194,0
DA:196,0
DA:199,0
DA:201,0
DA:202,0
DA:207,0
DA:209,0
DA:210,0
DA:213,0
DA:215,0
DA:216,0
DA:218,0
DA:220,0
DA:225,0
DA:227,0
DA:228,0
DA:230,0
DA:231,0
DA:233,0
DA:235,0
DA:244,0
DA:246,0
DA:247,0
DA:248,0
DA:252,0
DA:253,0
DA:254,0
DA:255,0
DA:257,0
DA:258,0
DA:259,0
DA:260,0
DA:264,0
DA:265,0
DA:266,0
DA:267,0
DA:272,0
DA:274,0
DA:275,0
DA:276,0
DA:277,0
DA:281,0
DA:282,0
DA:283,0
DA:284,0
DA:288,0
DA:296,0
DA:299,0
DA:303,0
DA:306,0
DA:310,0
DA:312,0
DA:316,0
DA:318,0
DA:326,0
DA:327,0
DA:328,0
DA:331,0
DA:332,0
DA:333,0
DA:336,0
DA:337,0
DA:338,0
DA:341,0
DA:342,0
DA:343,0
DA:346,0
DA:347,0
DA:352,0
DA:353,0
DA:354,0
DA:357,0
DA:358,0
DA:359,0
DA:362,0
DA:363,0
DA:364,0
DA:367,0
DA:368,0
DA:369,0
DA:372,0
DA:373,0
DA:376,0
DA:377,0
DA:380,0
DA:381,0
DA:382,0
DA:391,0
DA:392,0
DA:393,0
DA:396,0
DA:397,0
DA:398,0
DA:401,0
DA:407,0
DA:408,0
DA:409,0
DA:410,0
DA:413,0
DA:421,0
DA:422,0
DA:425,0
DA:426,0
DA:429,0
DA:430,0
DA:432,0
DA:433,0
DA:435,0
DA:446,0
DA:447,0
DA:461,0
DA:463,0
DA:465,0
DA:466,0
DA:474,0
DA:475,0
DA:483,0
DA:484,0
DA:498,0
DA:505,0
DA:508,0
DA:509,0
DA:512,0
DA:516,0
DA:517,0
DA:518,0
DA:519,0
DA:524,0
DA:527,0
DA:528,0
DA:529,0
DA:530,0
DA:539,0
DA:540,0
DA:541,0
DA:542,0
DA:543,0
DA:546,0
DA:554,0
DA:555,0
DA:557,0
DA:561,0
DA:565,0
DA:566,0
DA:567,0
DA:568,0
DA:569,0
DA:571,0
DA:575,0
DA:576,0
DA:578,0
DA:579,0
DA:581,0
DA:585,0
DA:587,0
DA:588,0
DA:593,0
DA:597,0
DA:601,0
DA:602,0
DA:606,0
DA:607,0
DA:609,0
DA:610,0
DA:611,0
DA:612,0
DA:614,0
DA:622,0
DA:624,0
DA:625,0
DA:630,0
DA:631,0
DA:634,0
DA:635,0
DA:636,0
DA:640,0
DA:641,0
DA:642,0
DA:644,0
DA:646,0
DA:649,0
DA:650,0
DA:652,0
DA:653,0
DA:662,0
DA:663,0
DA:666,0
DA:667,0
DA:668,0
DA:669,0
DA:670,0
DA:673,0
DA:674,0
DA:675,0
DA:676,0
DA:677,0
LF:229
LH:0
BRDA:46,0,0,0
BRDA:46,0,1,0
BRDA:50,1,0,0
BRDA:50,1,1,0
BRDA:55,2,0,0
BRDA:55,2,1,0
BRDA:181,3,0,0
BRDA:181,3,1,0
BRDA:193,4,0,0
BRDA:193,4,1,0
BRDA:246,5,0,0
BRDA:246,5,1,0
BRDA:391,6,0,0
BRDA:391,6,1,0
BRDA:432,7,0,0
BRDA:432,7,1,0
BRDA:433,8,0,0
BRDA:433,8,1,0
BRDA:433,9,0,0
BRDA:433,9,1,0
BRDA:443,10,0,0
BRDA:443,10,1,0
BRDA:465,11,0,0
BRDA:465,11,1,0
BRDA:474,12,0,0
BRDA:474,12,1,0
BRDA:483,13,0,0
BRDA:483,13,1,0
BRDA:508,14,0,0
BRDA:508,14,1,0
BRDA:517,15,0,0
BRDA:517,15,1,0
BRDA:518,16,0,0
BRDA:518,16,1,0
BRDA:528,17,0,0
BRDA:528,17,1,0
BRDA:541,18,0,0
BRDA:541,18,1,0
BRDA:554,19,0,0
BRDA:554,19,1,0
BRDA:578,20,0,0
BRDA:578,20,1,0
BRDA:634,21,0,0
BRDA:634,21,1,0
BRDA:641,22,0,0
BRDA:641,22,1,0
BRF:46
BRH:0
end_of_record
TN:
SF:src/redis/config/redisEnv.ts
FNF:0
FNH:0
DA:12,0
DA:13,0
DA:15,0
LF:3
LH:0
BRDA:20,0,0,0
BRDA:20,0,1,0
BRDA:21,1,0,0
BRDA:21,1,1,0
BRDA:30,2,0,0
BRDA:30,2,1,0
BRDA:55,3,0,0
BRDA:55,3,1,0
BRDA:56,4,0,0
BRDA:56,4,1,0
BRDA:57,5,0,0
BRDA:57,5,1,0
BRDA:58,6,0,0
BRDA:58,6,1,0
BRDA:67,7,0,0
BRDA:67,7,1,0
BRDA:68,8,0,0
BRDA:68,8,1,0
BRDA:69,9,0,0
BRDA:69,9,1,0
BRDA:77,10,0,0
BRDA:77,10,1,0
BRDA:78,11,0,0
BRDA:78,11,1,0
BRDA:80,12,0,0
BRDA:80,12,1,0
BRDA:89,13,0,0
BRDA:89,13,1,0
BRDA:91,14,0,0
BRDA:91,14,1,0
BRDA:92,15,0,0
BRDA:92,15,1,0
BRDA:93,16,0,0
BRDA:93,16,1,0
BRDA:103,17,0,0
BRDA:103,17,1,0
BRDA:104,18,0,0
BRDA:104,18,1,0
BRF:38
BRH:0
end_of_record
TN:
SF:src/redis/messageQueue/queueManager.ts
FN:24,(anonymous_0)
FN:34,(anonymous_1)
FN:93,(anonymous_2)
FN:98,(anonymous_3)
FN:112,(anonymous_4)
FN:156,(anonymous_5)
FN:167,(anonymous_6)
FN:200,(anonymous_7)
FN:204,(anonymous_8)
FN:215,(anonymous_9)
FN:227,(anonymous_10)
FN:261,(anonymous_11)
FN:300,(anonymous_12)
FN:306,(anonymous_13)
FN:312,(anonymous_14)
FN:318,(anonymous_15)
FN:324,(anonymous_16)
FN:330,(anonymous_17)
FN:336,(anonymous_18)
FN:349,(anonymous_19)
FN:368,(anonymous_20)
FN:406,(anonymous_21)
FN:449,(anonymous_22)
FN:469,(anonymous_23)
FN:488,(anonymous_24)
FN:489,(anonymous_25)
FN:499,(anonymous_26)
FN:523,(anonymous_27)
FN:530,(anonymous_28)
FN:551,(anonymous_29)
FN:554,(anonymous_30)
FN:557,(anonymous_31)
FNF:32
FNH:0
FNDA:0,(anonymous_0)
FNDA:0,(anonymous_1)
FNDA:0,(anonymous_2)
FNDA:0,(anonymous_3)
FNDA:0,(anonymous_4)
FNDA:0,(anonymous_5)
FNDA:0,(anonymous_6)
FNDA:0,(anonymous_7)
FNDA:0,(anonymous_8)
FNDA:0,(anonymous_9)
FNDA:0,(anonymous_10)
FNDA:0,(anonymous_11)
FNDA:0,(anonymous_12)
FNDA:0,(anonymous_13)
FNDA:0,(anonymous_14)
FNDA:0,(anonymous_15)
FNDA:0,(anonymous_16)
FNDA:0,(anonymous_17)
FNDA:0,(anonymous_18)
FNDA:0,(anonymous_19)
FNDA:0,(anonymous_20)
FNDA:0,(anonymous_21)
FNDA:0,(anonymous_22)
FNDA:0,(anonymous_23)
FNDA:0,(anonymous_24)
FNDA:0,(anonymous_25)
FNDA:0,(anonymous_26)
FNDA:0,(anonymous_27)
FNDA:0,(anonymous_28)
FNDA:0,(anonymous_29)
FNDA:0,(anonymous_30)
FNDA:0,(anonymous_31)
DA:18,0
DA:24,0
DA:25,0
DA:26,0
DA:27,0
DA:28,0
DA:29,0
DA:30,0
DA:31,0
DA:34,0
DA:35,0
DA:36,0
DA:37,0
DA:38,0
DA:65,0
DA:75,0
DA:87,0
DA:89,0
DA:90,0
DA:91,0
DA:94,0
DA:95,0
DA:99,0
DA:100,0
DA:102,0
DA:121,0
DA:132,0
DA:133,0
DA:135,0
DA:136,0
DA:141,0
DA:142,0
DA:145,0
DA:146,0
DA:148,0
DA:149,0
DA:163,0
DA:164,0
DA:165,0
DA:167,0
DA:168,0
DA:178,0
DA:179,0
DA:182,0
DA:183,0
DA:185,0
DA:186,0
DA:188,0
DA:189,0
DA:201,0
DA:203,0
DA:204,0
DA:205,0
DA:206,0
DA:209,0
DA:216,0
DA:217,0
DA:218,0
DA:220,0
DA:221,0
DA:228,0
DA:230,0
DA:232,0
DA:233,0
DA:236,0
DA:239,0
DA:241,0
DA:243,0
DA:245,0
DA:248,0
DA:250,0
DA:251,0
DA:254,0
DA:262,0
DA:264,0
DA:265,0
DA:268,0
DA:269,0
DA:272,0
DA:273,0
DA:276,0
DA:277,0
DA:280,0
DA:281,0
DA:284,0
DA:285,0
DA:288,0
DA:289,0
DA:292,0
DA:302,0
DA:308,0
DA:314,0
DA:320,0
DA:326,0
DA:332,0
DA:338,0
DA:350,0
DA:352,0
DA:355,0
DA:356,0
DA:358,0
DA:359,0
DA:361,0
DA:369,0
DA:370,0
DA:371,0
DA:374,0
DA:376,0
DA:378,0
DA:383,0
DA:384,0
DA:386,0
DA:391,0
DA:392,0
DA:394,0
DA:397,0
DA:399,0
DA:407,0
DA:408,0
DA:411,0
DA:418,0
DA:420,0
DA:423,0
DA:424,0
DA:425,0
DA:428,0
DA:431,0
DA:434,0
DA:436,0
DA:438,0
DA:450,0
DA:451,0
DA:459,0
DA:461,0
DA:462,0
DA:470,0
DA:471,0
DA:472,0
DA:481,0
DA:489,0
DA:490,0
DA:493,0
DA:500,0
DA:501,0
DA:503,0
DA:508,0
DA:509,0
DA:512,0
DA:524,0
DA:531,0
DA:533,0
DA:535,0
DA:536,0
DA:537,0
DA:540,0
DA:548,0
DA:551,0
DA:552,0
DA:554,0
DA:555,0
DA:557,0
DA:558,0
LF:162
LH:0
BRDA:24,0,0,0
BRDA:24,0,1,0
BRDA:34,1,0,0
BRDA:34,1,1,0
BRDA:99,2,0,0
BRDA:99,2,1,0
BRDA:115,3,0,0
BRDA:125,4,0,0
BRDA:125,4,1,0
BRDA:127,5,0,0
BRDA:127,5,1,0
BRDA:129,6,0,0
BRDA:129,6,1,0
BRDA:133,7,0,0
BRDA:133,7,1,0
BRDA:167,8,0,0
BRDA:201,9,0,0
BRDA:201,9,1,0
BRDA:216,10,0,0
BRDA:216,10,1,0
BRDA:232,11,0,0
BRDA:232,11,1,0
BRDA:232,12,0,0
BRDA:232,12,1,0
BRDA:262,13,0,0
BRDA:262,13,1,0
BRDA:262,13,2,0
BRDA:262,13,3,0
BRDA:262,13,4,0
BRDA:262,13,5,0
BRDA:262,13,6,0
BRDA:262,13,7,0
BRDA:376,14,0,0
BRDA:376,14,1,0
BRDA:418,15,0,0
BRDA:418,15,1,0
BRDA:508,16,0,0
BRDA:508,16,1,0
BRDA:508,17,0,0
BRDA:508,17,1,0
BRDA:535,18,0,0
BRDA:535,18,1,0
BRDA:551,19,0,0
BRDA:554,20,0,0
BRDA:557,21,0,0
BRF:45
BRH:0
end_of_record
TN:
SF:src/redis/middleware/redisMiddleware.ts
FN:44,(anonymous_0)
FN:97,(anonymous_1)
FN:98,(anonymous_2)
FN:117,(anonymous_3)
FN:126,(anonymous_4)
FN:149,(anonymous_5)
FN:154,(anonymous_6)
FN:204,(anonymous_7)
FN:245,(anonymous_8)
FN:276,(anonymous_9)
FNF:10
FNH:0
FNDA:0,(anonymous_0)
FNDA:0,(anonymous_1)
FNDA:0,(anonymous_2)
FNDA:0,(anonymous_3)
FNDA:0,(anonymous_4)
FNDA:0,(anonymous_5)
FNDA:0,(anonymous_6)
FNDA:0,(anonymous_7)
FNDA:0,(anonymous_8)
FNDA:0,(anonymous_9)
DA:19,0
DA:20,0
DA:21,0
DA:44,0
DA:49,0
DA:50,0
DA:52,0
DA:53,0
DA:57,0
DA:60,0
DA:63,0
DA:65,0
DA:66,0
DA:70,0
DA:74,0
DA:77,0
DA:78,0
DA:80,0
DA:82,0
DA:83,0
DA:97,0
DA:98,0
DA:99,0
DA:101,0
DA:104,0
DA:106,0
DA:107,0
DA:108,0
DA:109,0
DA:110,0
DA:114,0
DA:117,0
DA:119,0
DA:124,0
DA:126,0
DA:128,0
DA:131,0
DA:134,0
DA:136,0
DA:137,0
DA:149,0
DA:154,0
DA:155,0
DA:156,0
DA:159,0
DA:163,0
DA:164,0
DA:167,0
DA:170,0
DA:171,0
DA:175,0
DA:176,0
DA:181,0
DA:185,0
DA:186,0
DA:187,0
DA:189,0
DA:191,0
DA:192,0
DA:204,0
DA:209,0
DA:210,0
DA:212,0
DA:215,0
DA:218,0
DA:219,0
DA:221,0
DA:222,0
DA:223,0
DA:224,0
DA:228,0
DA:231,0
DA:233,0
DA:234,0
DA:245,0
DA:250,0
DA:251,0
DA:253,0
DA:254,0
DA:257,0
DA:259,0
DA:260,0
DA:271,0
DA:276,0
LF:84
LH:0
BRDA:52,0,0,0
BRDA:52,0,1,0
BRDA:52,1,0,0
BRDA:52,1,1,0
BRDA:65,2,0,0
BRDA:65,2,1,0
BRDA:97,3,0,0
BRDA:101,4,0,0
BRDA:101,4,1,0
BRDA:106,5,0,0
BRDA:106,5,1,0
BRDA:159,6,0,0
BRDA:159,6,1,0
BRDA:161,7,0,0
BRDA:161,7,1,0
BRDA:170,8,0,0
BRDA:170,8,1,0
BRDA:175,9,0,0
BRDA:175,9,1,0
BRDA:210,10,0,0
BRDA:210,10,1,0
BRDA:223,11,0,0
BRDA:223,11,1,0
BRDA:251,12,0,0
BRDA:251,12,1,0
BRDA:276,13,0,0
BRF:26
BRH:0
end_of_record
TN:
SF:src/redis/resilience/circuitBreaker.ts
FN:24,(anonymous_0)
FN:62,(anonymous_1)
FN:77,(anonymous_2)
FN:101,(anonymous_3)
FN:124,(anonymous_4)
FN:136,(anonymous_5)
FN:166,(anonymous_6)
FN:169,(anonymous_7)
FN:170,(anonymous_8)
FN:178,(anonymous_9)
FN:193,(anonymous_10)
FN:209,(anonymous_11)
FN:234,(anonymous_12)
FN:247,(anonymous_13)
FN:257,(anonymous_14)
FN:268,(anonymous_15)
FN:279,(anonymous_16)
FN:294,(anonymous_17)
FN:315,(anonymous_18)
FN:317,(anonymous_19)
FN:327,(anonymous_20)
FN:339,(anonymous_21)
FN:342,(anonymous_22)
FN:352,(anonymous_23)
FN:353,(anonymous_24)
FNF:25
FNH:0
FNDA:0,(anonymous_0)
FNDA:0,(anonymous_1)
FNDA:0,(anonymous_2)
FNDA:0,(anonymous_3)
FNDA:0,(anonymous_4)
FNDA:0,(anonymous_5)
FNDA:0,(anonymous_6)
FNDA:0,(anonymous_7)
FNDA:0,(anonymous_8)
FNDA:0,(anonymous_9)
FNDA:0,(anonymous_10)
FNDA:0,(anonymous_11)
FNDA:0,(anonymous_12)
FNDA:0,(anonymous_13)
FNDA:0,(anonymous_14)
FNDA:0,(anonymous_15)
FNDA:0,(anonymous_16)
FNDA:0,(anonymous_17)
FNDA:0,(anonymous_18)
FNDA:0,(anonymous_19)
FNDA:0,(anonymous_20)
FNDA:0,(anonymous_21)
FNDA:0,(anonymous_22)
FNDA:0,(anonymous_23)
FNDA:0,(anonymous_24)
DA:18,0
DA:24,0
DA:25,0
DA:26,0
DA:27,0
DA:51,0
DA:52,0
DA:53,0
DA:54,0
DA:55,0
DA:56,0
DA:57,0
DA:58,0
DA:63,0
DA:64,0
DA:71,0
DA:78,0
DA:81,0
DA:83,0
DA:85,0
DA:88,0
DA:91,0
DA:94,0
DA:105,0
DA:106,0
DA:107,0
DA:108,0
DA:110,0
DA:112,0
DA:113,0
DA:114,0
DA:117,0
DA:125,0
DA:126,0
DA:127,0
DA:130,0
DA:140,0
DA:141,0
DA:142,0
DA:145,0
DA:146,0
DA:149,0
DA:151,0
DA:152,0
DA:154,0
DA:155,0
DA:156,0
DA:159,0
DA:167,0
DA:170,0
DA:179,0
DA:180,0
DA:181,0
DA:183,0
DA:184,0
DA:194,0
DA:195,0
DA:196,0
DA:198,0
DA:210,0
DA:212,0
DA:214,0
DA:215,0
DA:217,0
DA:220,0
DA:221,0
DA:223,0
DA:227,0
DA:235,0
DA:236,0
DA:238,0
DA:248,0
DA:249,0
DA:251,0
DA:258,0
DA:259,0
DA:260,0
DA:262,0
DA:269,0
DA:270,0
DA:271,0
DA:273,0
DA:280,0
DA:295,0
DA:296,0
DA:297,0
DA:298,0
DA:299,0
DA:300,0
DA:301,0
DA:303,0
DA:311,0
DA:313,0
DA:318,0
DA:319,0
DA:321,0
DA:328,0
DA:329,0
DA:330,0
DA:333,0
DA:340,0
DA:342,0
DA:343,0
DA:346,0
DA:353,0
DA:354,0
DA:357,0
DA:362,0
DA:365,0
LF:109
LH:0
BRDA:24,0,0,0
BRDA:24,0,1,0
BRDA:65,1,0,0
BRDA:65,1,1,0
BRDA:66,2,0,0
BRDA:66,2,1,0
BRDA:67,3,0,0
BRDA:67,3,1,0
BRDA:68,4,0,0
BRDA:68,4,1,0
BRDA:83,5,0,0
BRDA:83,5,1,0
BRDA:83,5,2,0
BRDA:83,5,3,0
BRDA:112,6,0,0
BRDA:112,6,1,0
BRDA:125,7,0,0
BRDA:125,7,1,0
BRDA:145,8,0,0
BRDA:145,8,1,0
BRDA:154,9,0,0
BRDA:154,9,1,0
BRDA:183,10,0,0
BRDA:183,10,1,0
BRDA:212,11,0,0
BRDA:212,11,1,0
BRDA:212,11,2,0
BRDA:214,12,0,0
BRDA:214,12,1,0
BRDA:220,13,0,0
BRDA:220,13,1,0
BRDA:287,14,0,0
BRDA:287,14,1,0
BRDA:318,15,0,0
BRDA:318,15,1,0
BRDA:328,16,0,0
BRDA:328,16,1,0
BRF:37
BRH:0
end_of_record
TN:
SF:src/redis/session/sessionManager.ts
FN:39,createSession
FN:50,getSession
FN:58,updateSessionActivity
FN:69,terminateSession
FN:77,isSessionValid
FNF:5
FNH:0
FNDA:0,createSession
FNDA:0,getSession
FNDA:0,updateSessionActivity
FNDA:0,terminateSession
FNDA:0,isSessionValid
DA:18,0
DA:39,0
DA:40,0
DA:41,0
DA:43,0
DA:44,0
DA:50,0
DA:51,0
DA:52,0
DA:58,0
DA:59,0
DA:60,0
DA:62,0
DA:63,0
DA:69,0
DA:70,0
DA:71,0
DA:77,0
DA:78,0
DA:79,0
LF:20
LH:0
BRDA:52,0,0,0
BRDA:52,0,1,0
BRDA:60,1,0,0
BRDA:60,1,1,0
BRDA:79,2,0,0
BRDA:79,2,1,0
BRF:6
BRH:0
end_of_record
TN:
SF:src/redis/strategies/cachingStrategies.ts
FN:26,(anonymous_0)
FN:27,(anonymous_1)
FN:28,(anonymous_2)
FN:29,(anonymous_3)
FN:30,(anonymous_4)
FN:31,(anonymous_5)
FN:51,(anonymous_6)
FN:84,(anonymous_7)
FN:113,(anonymous_8)
FN:150,(anonymous_9)
FN:199,(anonymous_10)
FN:204,(anonymous_11)
FN:214,(anonymous_12)
FN:237,(anonymous_13)
FN:271,(anonymous_14)
FN:288,(anonymous_15)
FN:308,(anonymous_16)
FN:337,(anonymous_17)
FN:354,(anonymous_18)
FN:378,(anonymous_19)
FN:402,(anonymous_20)
FN:423,(anonymous_21)
FN:441,(anonymous_22)
FN:470,(anonymous_23)
FN:490,(anonymous_24)
FN:496,(anonymous_25)
FNF:26
FNH:11
FNDA:2,(anonymous_0)
FNDA:1,(anonymous_1)
FNDA:4,(anonymous_2)
FNDA:0,(anonymous_3)
FNDA:2,(anonymous_4)
FNDA:0,(anonymous_5)
FNDA:1,(anonymous_6)
FNDA:0,(anonymous_7)
FNDA:2,(anonymous_8)
FNDA:2,(anonymous_9)
FNDA:1,(anonymous_10)
FNDA:0,(anonymous_11)
FNDA:0,(anonymous_12)
FNDA:0,(anonymous_13)
FNDA:0,(anonymous_14)
FNDA:1,(anonymous_15)
FNDA:1,(anonymous_16)
FNDA:2,(anonymous_17)
FNDA:0,(anonymous_18)
FNDA:0,(anonymous_19)
FNDA:0,(anonymous_20)
FNDA:0,(anonymous_21)
FNDA:0,(anonymous_22)
FNDA:0,(anonymous_23)
FNDA:0,(anonymous_24)
FNDA:0,(anonymous_25)
DA:18,1
DA:19,1
DA:25,1
DA:26,2
DA:27,1
DA:28,4
DA:29,0
DA:30,2
DA:31,0
DA:34,1
DA:47,1
DA:52,1
DA:54,1
DA:70,1
DA:71,1
DA:73,1
DA:74,1
DA:76,0
DA:77,0
DA:85,0
DA:87,0
DA:93,0
DA:94,0
DA:96,0
DA:97,0
DA:99,0
DA:100,0
DA:109,1
DA:114,2
DA:115,2
DA:118,2
DA:120,2
DA:121,1
DA:122,1
DA:126,1
DA:127,1
DA:136,1
DA:137,1
DA:140,1
DA:142,0
DA:143,0
DA:151,2
DA:152,2
DA:155,2
DA:157,2
DA:158,1
DA:159,1
DA:163,1
DA:164,1
DA:178,1
DA:180,1
DA:182,0
DA:183,0
DA:192,1
DA:193,1
DA:194,1
DA:200,1
DA:201,0
DA:204,1
DA:205,0
DA:208,1
DA:215,0
DA:217,0
DA:218,0
DA:221,0
DA:227,0
DA:229,0
DA:230,0
DA:238,0
DA:239,0
DA:242,0
DA:244,0
DA:245,0
DA:247,0
DA:248,0
DA:249,0
DA:251,0
DA:262,0
DA:272,0
DA:273,0
DA:274,0
DA:275,0
DA:284,1
DA:289,1
DA:290,1
DA:293,1
DA:296,1
DA:298,1
DA:300,0
DA:301,0
DA:312,1
DA:313,1
DA:316,1
DA:318,1
DA:319,1
DA:320,2
DA:326,1
DA:327,1
DA:329,0
DA:330,0
DA:338,2
DA:339,2
DA:342,2
DA:344,2
DA:346,0
DA:347,0
DA:355,0
DA:356,0
DA:358,0
DA:361,0
DA:364,0
DA:375,0
DA:376,0
DA:378,0
DA:379,0
DA:382,0
DA:383,0
DA:386,0
DA:388,0
DA:389,0
DA:398,1
DA:403,0
DA:404,0
DA:411,0
DA:413,0
DA:415,0
DA:416,0
DA:424,0
DA:425,0
DA:426,0
DA:428,0
DA:429,0
DA:430,0
DA:433,0
DA:434,0
DA:442,0
DA:443,0
DA:444,0
DA:446,0
DA:447,0
DA:448,0
DA:449,0
DA:450,0
DA:454,0
DA:456,0
DA:457,0
DA:466,1
DA:471,0
DA:472,0
DA:475,0
DA:480,0
DA:482,0
DA:483,0
DA:491,0
DA:492,0
DA:494,0
DA:496,0
DA:498,0
DA:500,0
DA:501,0
DA:507,1
LF:161
LH:64
BRDA:120,0,0,1
BRDA:120,0,1,1
BRDA:136,1,0,1
BRDA:136,1,1,0
BRDA:157,2,0,1
BRDA:157,2,1,1
BRDA:199,3,0,1
BRDA:200,4,0,0
BRDA:200,4,1,1
BRDA:238,5,0,0
BRDA:238,5,1,0
BRDA:249,6,0,0
BRDA:249,6,1,0
BRDA:272,7,0,0
BRDA:272,7,1,0
BRDA:310,8,0,0
BRDA:344,9,0,1
BRDA:344,9,1,1
BRDA:375,10,0,0
BRDA:375,10,1,0
BRDA:428,11,0,0
BRDA:428,11,1,0
BRDA:448,12,0,0
BRDA:448,12,1,0
BRF:24
BRH:9
end_of_record
TN:
SF:src/routes/auth.routes.ts
FNF:0
FNH:0
DA:1,0
DA:2,0
DA:7,0
DA:25,0
DA:40,0
DA:51,0
DA:62,0
DA:64,0
LF:8
LH:0
BRF:0
BRH:0
end_of_record
TN:
SF:src/routes/leaderBoard.routes.ts
FNF:0
FNH:0
DA:1,0
DA:2,0
DA:9,0
DA:10,0
DA:12,0
DA:19,0
DA:20,0
DA:21,0
DA:24,0
DA:25,0
DA:31,0
LF:11
LH:0
BRF:0
BRH:0
end_of_record
TN:
SF:src/routes/user.routes.ts
FNF:0
FNH:0
DA:1,0
DA:2,0
DA:8,0
DA:15,0
DA:16,0
DA:31,0
DA:41,0
DA:47,0
DA:52,0
DA:58,0
DA:69,0
DA:88,0
LF:12
LH:0
BRF:0
BRH:0
end_of_record
TN:
SF:src/schemas/auth.schema.ts
FNF:0
FNH:0
DA:1,0
DA:33,0
DA:53,0
DA:70,0
LF:4
LH:0
BRF:0
BRH:0
end_of_record
TN:
SF:src/schemas/avatar.schema.ts
FN:62,(anonymous_1)
FN:84,(anonymous_2)
FNF:2
FNH:0
FNDA:0,(anonymous_1)
FNDA:0,(anonymous_2)
DA:1,0
DA:2,0
DA:21,0
DA:22,0
DA:25,0
DA:33,0
DA:47,0
DA:60,0
DA:63,0
DA:83,0
DA:84,0
LF:11
LH:0
BRDA:64,0,0,0
BRDA:64,0,1,0
BRDA:64,0,2,0
BRDA:64,0,3,0
BRDA:64,0,4,0
BRDA:64,0,5,0
BRF:6
BRH:0
end_of_record
TN:
SF:src/schemas/leaderboard.schema.ts
FN:28,(anonymous_1)
FN:29,(anonymous_2)
FN:35,(anonymous_3)
FN:36,(anonymous_4)
FNF:4
FNH:0
FNDA:0,(anonymous_1)
FNDA:0,(anonymous_2)
FNDA:0,(anonymous_3)
FNDA:0,(anonymous_4)
DA:1,0
DA:24,0
DA:28,0
DA:29,0
DA:35,0
DA:36,0
DA:53,0
DA:71,0
LF:8
LH:0
BRDA:28,0,0,0
BRDA:28,0,1,0
BRDA:29,1,0,0
BRDA:29,1,1,0
BRDA:35,2,0,0
BRDA:35,2,1,0
BRF:6
BRH:0
end_of_record
TN:
SF:src/schemas/user.schema.ts
FN:56,(anonymous_1)
FNF:1
FNH:0
FNDA:0,(anonymous_1)
DA:1,0
DA:24,0
DA:49,0
DA:56,0
DA:68,0
DA:81,0
DA:96,0
LF:7
LH:0
BRF:0
BRH:0
end_of_record
TN:
SF:src/services/auth.service.ts
FN:28,(anonymous_1)
FN:100,(anonymous_2)
FN:169,(anonymous_3)
FNF:3
FNH:3
FNDA:1,(anonymous_1)
FNDA:2,(anonymous_2)
FNDA:2,(anonymous_3)
DA:1,1
DA:2,1
DA:3,1
DA:28,1
DA:35,1
DA:37,1
DA:44,1
DA:45,0
DA:46,0
DA:50,0
DA:51,0
DA:59,1
DA:64,1
DA:65,0
DA:72,1
DA:79,0
DA:80,0
DA:100,1
DA:101,2
DA:102,2
DA:104,2
DA:106,2
DA:112,2
DA:113,2
DA:114,2
DA:115,2
DA:117,2
DA:118,1
DA:119,1
DA:122,1
DA:123,0
DA:127,1
DA:131,1
DA:132,0
DA:138,1
DA:140,1
DA:146,1
DA:147,1
DA:169,1
DA:170,2
DA:171,2
DA:174,2
DA:175,2
DA:176,2
DA:182,2
DA:189,2
DA:190,0
DA:191,0
DA:197,2
DA:199,0
DA:204,0
DA:208,2
DA:209,2
DA:210,2
DA:214,2
DA:216,2
DA:217,2
DA:218,2
DA:219,2
DA:221,2
DA:222,1
DA:227,1
DA:233,1
DA:234,0
DA:235,0
DA:241,1
DA:246,1
DA:247,1
DA:253,1
DA:259,1
DA:265,1
LF:71
LH:56
BRDA:44,0,0,0
BRDA:44,0,1,1
BRDA:45,1,0,0
BRDA:45,1,1,0
BRDA:50,2,0,0
BRDA:50,2,1,0
BRDA:64,3,0,0
BRDA:64,3,1,1
BRDA:64,4,0,1
BRDA:64,4,1,1
BRDA:117,5,0,1
BRDA:117,5,1,1
BRDA:122,6,0,0
BRDA:122,6,1,1
BRDA:131,7,0,0
BRDA:131,7,1,1
BRDA:189,8,0,0
BRDA:189,8,1,2
BRDA:201,9,0,0
BRDA:201,9,1,0
BRDA:221,10,0,1
BRDA:221,10,1,1
BRDA:225,11,0,1
BRDA:225,11,1,1
BRDA:233,12,0,0
BRDA:233,12,1,1
BRF:26
BRH:14
end_of_record
TN:
SF:src/services/avatar.service.ts
FN:35,(anonymous_0)
FN:47,(anonymous_1)
FN:81,(anonymous_2)
FN:142,(anonymous_3)
FN:158,(anonymous_4)
FN:186,(anonymous_5)
FNF:6
FNH:0
FNDA:0,(anonymous_0)
FNDA:0,(anonymous_1)
FNDA:0,(anonymous_2)
FNDA:0,(anonymous_3)
FNDA:0,(anonymous_4)
FNDA:0,(anonymous_5)
DA:1,0
DA:23,0
DA:30,0
DA:35,0
DA:36,0
DA:38,0
DA:39,0
DA:40,0
DA:42,0
DA:43,0
DA:44,0
DA:47,0
DA:49,0
DA:50,0
DA:51,0
DA:57,0
DA:58,0
DA:59,0
DA:62,0
DA:64,0
DA:67,0
DA:68,0
DA:81,0
DA:87,0
DA:88,0
DA:90,0
DA:92,0
DA:93,0
DA:97,0
DA:98,0
DA:99,0
DA:101,0
DA:104,0
DA:107,0
DA:108,0
DA:115,0
DA:116,0
DA:117,0
DA:120,0
DA:123,0
DA:125,0
DA:126,0
DA:128,0
DA:130,0
DA:131,0
DA:132,0
DA:142,0
DA:143,0
DA:145,0
DA:147,0
DA:151,0
DA:152,0
DA:153,0
DA:157,0
DA:158,0
DA:159,0
DA:161,0
DA:165,0
DA:166,0
DA:167,0
DA:169,0
DA:172,0
DA:175,0
DA:176,0
DA:186,0
DA:187,0
DA:189,0
LF:67
LH:0
BRDA:42,0,0,0
BRDA:42,0,1,0
BRDA:49,1,0,0
BRDA:49,1,1,0
BRDA:57,2,0,0
BRDA:57,2,1,0
BRDA:92,3,0,0
BRDA:92,3,1,0
BRDA:98,4,0,0
BRDA:98,4,1,0
BRDA:115,5,0,0
BRDA:115,5,1,0
BRDA:151,6,0,0
BRDA:151,6,1,0
BRDA:157,7,0,0
BRDA:157,7,1,0
BRDA:157,8,0,0
BRDA:157,8,1,0
BRDA:165,9,0,0
BRDA:165,9,1,0
BRF:20
BRH:0
end_of_record
TN:
SF:src/services/leaderboard.service.ts
FN:33,(anonymous_0)
FN:61,(anonymous_1)
FN:111,(anonymous_2)
FN:143,(anonymous_3)
FN:210,(anonymous_4)
FN:211,(anonymous_5)
FN:213,(anonymous_6)
FN:236,(anonymous_7)
FN:239,(anonymous_8)
FN:273,(anonymous_9)
FN:336,(anonymous_10)
FN:337,(anonymous_11)
FN:339,(anonymous_12)
FN:362,(anonymous_13)
FN:365,(anonymous_14)
FN:398,(anonymous_15)
FN:463,(anonymous_16)
FN:520,(anonymous_17)
FN:577,(anonymous_18)
FN:640,(anonymous_19)
FN:653,(anonymous_20)
FNF:21
FNH:0
FNDA:0,(anonymous_0)
FNDA:0,(anonymous_1)
FNDA:0,(anonymous_2)
FNDA:0,(anonymous_3)
FNDA:0,(anonymous_4)
FNDA:0,(anonymous_5)
FNDA:0,(anonymous_6)
FNDA:0,(anonymous_7)
FNDA:0,(anonymous_8)
FNDA:0,(anonymous_9)
FNDA:0,(anonymous_10)
FNDA:0,(anonymous_11)
FNDA:0,(anonymous_12)
FNDA:0,(anonymous_13)
FNDA:0,(anonymous_14)
FNDA:0,(anonymous_15)
FNDA:0,(anonymous_16)
FNDA:0,(anonymous_17)
FNDA:0,(anonymous_18)
FNDA:0,(anonymous_19)
FNDA:0,(anonymous_20)
DA:1,0
DA:2,0
DA:3,0
DA:33,0
DA:34,0
DA:36,0
DA:38,0
DA:42,0
DA:43,0
DA:44,0
DA:45,0
DA:46,0
DA:49,0
DA:50,0
DA:53,0
DA:61,0
DA:64,0
DA:66,0
DA:67,0
DA:70,0
DA:71,0
DA:72,0
DA:73,0
DA:80,0
DA:82,0
DA:111,0
DA:123,0
DA:125,0
DA:127,0
DA:134,0
DA:135,0
DA:143,0
DA:146,0
DA:148,0
DA:149,0
DA:150,0
DA:151,0
DA:152,0
DA:154,0
DA:155,0
DA:156,0
DA:158,0
DA:161,0
DA:162,0
DA:163,0
DA:164,0
DA:173,0
DA:198,0
DA:210,0
DA:211,0
DA:212,0
DA:213,0
DA:214,0
DA:216,0
DA:217,0
DA:218,0
DA:219,0
DA:220,0
DA:222,0
DA:235,0
DA:236,0
DA:239,0
DA:251,0
DA:253,0
DA:255,0
DA:264,0
DA:265,0
DA:273,0
DA:276,0
DA:278,0
DA:279,0
DA:280,0
DA:282,0
DA:283,0
DA:285,0
DA:288,0
DA:289,0
DA:290,0
DA:291,0
DA:299,0
DA:324,0
DA:336,0
DA:337,0
DA:338,0
DA:339,0
DA:340,0
DA:342,0
DA:343,0
DA:344,0
DA:345,0
DA:346,0
DA:348,0
DA:361,0
DA:362,0
DA:365,0
DA:377,0
DA:379,0
DA:381,0
DA:389,0
DA:390,0
DA:398,0
DA:402,0
DA:404,0
DA:405,0
DA:408,0
DA:411,0
DA:412,0
DA:414,0
DA:415,0
DA:422,0
DA:423,0
DA:426,0
DA:427,0
DA:435,0
DA:436,0
DA:437,0
DA:441,0
DA:445,0
DA:447,0
DA:454,0
DA:455,0
DA:463,0
DA:464,0
DA:466,0
DA:468,0
DA:470,0
DA:471,0
DA:474,0
DA:476,0
DA:478,0
DA:479,0
DA:485,0
DA:489,0
DA:490,0
DA:491,0
DA:495,0
DA:496,0
DA:497,0
DA:500,0
DA:502,0
DA:504,0
DA:511,0
DA:512,0
DA:520,0
DA:526,0
DA:528,0
DA:530,0
DA:551,0
DA:552,0
DA:558,0
DA:564,0
DA:566,0
DA:568,0
DA:569,0
DA:577,0
DA:581,0
DA:583,0
DA:590,0
DA:591,0
DA:595,0
DA:598,0
DA:599,0
DA:600,0
DA:601,0
DA:604,0
DA:615,0
DA:616,0
DA:629,0
DA:635,0
DA:636,0
DA:640,0
DA:645,0
DA:647,0
DA:650,0
DA:651,0
DA:653,0
DA:654,0
DA:658,0
DA:660,0
DA:663,0
DA:665,0
LF:181
LH:0
BRDA:36,0,0,0
BRDA:36,0,1,0
BRDA:36,0,2,0
BRDA:36,0,3,0
BRDA:38,1,0,0
BRDA:38,1,1,0
BRDA:46,2,0,0
BRDA:46,2,1,0
BRDA:50,3,0,0
BRDA:50,3,1,0
BRDA:71,4,0,0
BRDA:71,4,1,0
BRDA:119,5,0,0
BRDA:119,5,1,0
BRDA:162,6,0,0
BRDA:162,6,1,0
BRDA:216,7,0,0
BRDA:216,7,1,0
BRDA:220,8,0,0
BRDA:220,8,1,0
BRDA:225,9,0,0
BRDA:225,9,1,0
BRDA:228,10,0,0
BRDA:228,10,1,0
BRDA:246,11,0,0
BRDA:246,11,1,0
BRDA:289,12,0,0
BRDA:289,12,1,0
BRDA:342,13,0,0
BRDA:342,13,1,0
BRDA:346,14,0,0
BRDA:346,14,1,0
BRDA:351,15,0,0
BRDA:351,15,1,0
BRDA:354,16,0,0
BRDA:354,16,1,0
BRDA:372,17,0,0
BRDA:372,17,1,0
BRDA:414,18,0,0
BRDA:414,18,1,0
BRDA:422,19,0,0
BRDA:422,19,1,0
BRDA:436,20,0,0
BRDA:436,20,1,0
BRDA:441,21,0,0
BRDA:441,21,1,0
BRDA:441,22,0,0
BRDA:441,22,1,0
BRDA:476,23,0,0
BRDA:476,23,1,0
BRDA:476,23,2,0
BRDA:523,24,0,0
BRDA:524,25,0,0
BRDA:551,26,0,0
BRDA:551,26,1,0
BRDA:590,27,0,0
BRDA:590,27,1,0
BRDA:615,28,0,0
BRDA:615,28,1,0
BRDA:624,29,0,0
BRDA:624,29,1,0
BRDA:650,30,0,0
BRDA:650,30,1,0
BRF:63
BRH:0
end_of_record
TN:
SF:src/services/user.service.ts
FN:32,(anonymous_0)
FN:83,(anonymous_1)
FN:140,(anonymous_2)
FN:196,(anonymous_3)
FN:341,(anonymous_4)
FNF:5
FNH:0
FNDA:0,(anonymous_0)
FNDA:0,(anonymous_1)
FNDA:0,(anonymous_2)
FNDA:0,(anonymous_3)
FNDA:0,(anonymous_4)
DA:1,0
DA:2,0
DA:11,0
DA:32,0
DA:33,0
DA:34,0
DA:36,0
DA:37,0
DA:38,0
DA:52,0
DA:59,0
DA:60,0
DA:61,0
DA:64,0
DA:65,0
DA:67,0
DA:68,0
DA:83,0
DA:84,0
DA:85,0
DA:87,0
DA:88,0
DA:89,0
DA:94,0
DA:95,0
DA:96,0
DA:99,0
DA:100,0
DA:106,0
DA:108,0
DA:109,0
DA:114,0
DA:119,0
DA:124,0
DA:125,0
DA:140,0
DA:141,0
DA:142,0
DA:144,0
DA:145,0
DA:146,0
DA:151,0
DA:152,0
DA:153,0
DA:156,0
DA:157,0
DA:158,0
DA:160,0
DA:161,0
DA:166,0
DA:168,0
DA:173,0
DA:174,0
DA:196,0
DA:200,0
DA:201,0
DA:203,0
DA:205,0
DA:206,0
DA:216,0
DA:217,0
DA:218,0
DA:221,0
DA:224,0
DA:225,0
DA:227,0
DA:228,0
DA:230,0
DA:231,0
DA:233,0
DA:234,0
DA:236,0
DA:237,0
DA:240,0
DA:247,0
DA:248,0
DA:250,0
DA:264,0
DA:265,0
DA:266,0
DA:272,0
DA:279,0
DA:280,0
DA:298,0
DA:303,0
DA:310,0
DA:313,0
DA:314,0
DA:320,0
DA:341,0
DA:342,0
DA:343,0
DA:345,0
DA:347,0
DA:348,0
DA:353,0
DA:354,0
DA:355,0
DA:358,0
DA:365,0
DA:366,0
DA:370,0
DA:377,0
DA:383,0
DA:384,0
LF:105
LH:0
BRDA:54,0,0,0
BRDA:54,0,1,0
BRDA:55,1,0,0
BRDA:55,1,1,0
BRDA:59,2,0,0
BRDA:59,2,1,0
BRDA:94,3,0,0
BRDA:94,3,1,0
BRDA:151,4,0,0
BRDA:151,4,1,0
BRDA:151,5,0,0
BRDA:151,5,1,0
BRDA:216,6,0,0
BRDA:216,6,1,0
BRDA:227,7,0,0
BRDA:227,7,1,0
BRDA:227,8,0,0
BRDA:227,8,1,0
BRDA:230,9,0,0
BRDA:230,9,1,0
BRDA:230,10,0,0
BRDA:230,10,1,0
BRDA:233,11,0,0
BRDA:233,11,1,0
BRDA:233,12,0,0
BRDA:233,12,1,0
BRDA:236,13,0,0
BRDA:236,13,1,0
BRDA:236,14,0,0
BRDA:236,14,1,0
BRDA:247,15,0,0
BRDA:247,15,1,0
BRDA:264,16,0,0
BRDA:264,16,1,0
BRDA:313,17,0,0
BRDA:313,17,1,0
BRDA:313,18,0,0
BRDA:313,18,1,0
BRDA:353,19,0,0
BRDA:353,19,1,0
BRF:40
BRH:0
end_of_record
TN:
SF:src/types/index.ts
FNF:0
FNH:0
DA:14,0
DA:17,0
DA:20,0
LF:3
LH:0
BRF:0
BRH:0
end_of_record
